[0226/210556.852:INFO:CONSOLE(158)] "Event handler of 'x-storagemutated-1' event must be added on the initial evaluation of worker script.", source: https://static.whatsapp.net/rsrc.php/v4/yD/r/roRjh1O0Y8L.js (158)
[0226/210559.317:INFO:CONSOLE(0)] "Error with Permissions-Policy header: Feature xr-spatial-tracking's parameters are ignored.", source:  (0)
[0226/210559.317:INFO:CONSOLE(0)] "Error with Permissions-Policy header: Origin trial controlled feature not enabled: 'attribution-reporting'.", source:  (0)
[0226/210559.318:INFO:CONSOLE(0)] "Error with Permissions-Policy header: Unrecognized feature: 'compute-pressure'.", source:  (0)
[0226/210559.319:INFO:CONSOLE(0)] "Error with Permissions-Policy header: Origin trial controlled feature not enabled: 'interest-cohort'.", source:  (0)
[0226/210559.319:INFO:CONSOLE(0)] "Error with Permissions-Policy header: Unrecognized feature: 'private-state-token-issuance'.", source:  (0)
[0226/210559.320:INFO:CONSOLE(0)] "Error with Permissions-Policy header: Origin trial controlled feature not enabled: 'shared-storage'.", source:  (0)
[0226/210559.320:INFO:CONSOLE(0)] "Error with Permissions-Policy header: Unrecognized feature: 'shared-storage-select-url'.", source:  (0)
[0226/210559.320:INFO:CONSOLE(0)] "Error with Permissions-Policy header: Unrecognized feature: 'private-state-token-redemption'.", source:  (0)
[0226/210559.320:INFO:CONSOLE(0)] "Error with Permissions-Policy header: Unrecognized feature: 'unload'.", source:  (0)
[0226/210559.320:INFO:CONSOLE(0)] "Error with Permissions-Policy header: Unrecognized feature: 'window-management'.", source:  (0)
[0226/210600.001:WARNING:backend_impl.cc(1816)] Destroying invalid entry.
[0226/210600.002:WARNING:backend_impl.cc(1816)] Destroying invalid entry.
[0226/210600.003:WARNING:backend_impl.cc(1816)] Destroying invalid entry.
[0226/210600.004:WARNING:backend_impl.cc(1816)] Destroying invalid entry.
[0226/210600.005:WARNING:backend_impl.cc(1816)] Destroying invalid entry.
[0226/210600.010:WARNING:backend_impl.cc(1816)] Destroying invalid entry.
[0226/210613.174:INFO:CONSOLE(158)] "Event handler of 'x-storagemutated-1' event must be added on the initial evaluation of worker script.", source: https://static.whatsapp.net/rsrc.php/v4/y7/r/YpLH_p42gBK.js (158)
[0226/210632.600:INFO:CONSOLE(19)] "Uncaught (in promise) Error: Unexpected null or undefined: ?", source: https://static.whatsapp.net/rsrc.php/v4/yi/r/-B36R-7axPw.js (19)
[0226/210635.594:INFO:CONSOLE(1432)] "Uncaught (in promise) TypeError: Cannot read properties of undefined (reading 'forEach')", source: https://static.whatsapp.net/rsrc.php/v4iz9o4/yA/l/rt/TDLzkJggcnd.js (1432)
[0226/210757.191:INFO:CONSOLE(6)] "Uncaught (in promise) Error: [comms] castStanza called before startComms", source:  (6)
